Content-Length: 2516
{"jsonrpc":"2.0","id":0,"method":"initialize","params":{"processId":23884,"rootPath":"c:\\Git\\Totvs\\tds-vscode","rootUri":"file:///c%3A/Git/Totvs/tds-vscode","capabilities":{"workspace":{"applyEdit":true,"workspaceEdit":{"documentChanges":true},"didChangeConfiguration":{"dynamicRegistration":true},"didChangeWatchedFiles":{"dynamicRegistration":true},"symbol":{"dynamicRegistration":true,"symbolKind":{"valueSet":[1,2,3,4,5,6,7,8,9,10,11,12,13,14,15,16,17,18,19,20,21,22,23,24,25,26]}},"executeCommand":{"dynamicRegistration":true},"configuration":true,"workspaceFolders":true},"textDocument":{"publishDiagnostics":{"relatedInformation":true},"synchronization":{"dynamicRegistration":true,"willSave":true,"willSaveWaitUntil":true,"didSave":true},"completion":{"dynamicRegistration":true,"contextSupport":true,"completionItem":{"snippetSupport":true,"commitCharactersSupport":true,"documentationFormat":["markdown","plaintext"],"deprecatedSupport":true,"preselectSupport":true},"completionItemKind":{"valueSet":[1,2,3,4,5,6,7,8,9,10,11,12,13,14,15,16,17,18,19,20,21,22,23,24,25]}},"hover":{"dynamicRegistration":true,"contentFormat":["markdown","plaintext"]},"signatureHelp":{"dynamicRegistration":true,"signatureInformation":{"documentationFormat":["markdown","plaintext"]}},"definition":{"dynamicRegistration":true},"references":{"dynamicRegistration":true},"documentHighlight":{"dynamicRegistration":true},"documentSymbol":{"dynamicRegistration":true,"symbolKind":{"valueSet":[1,2,3,4,5,6,7,8,9,10,11,12,13,14,15,16,17,18,19,20,21,22,23,24,25,26]},"hierarchicalDocumentSymbolSupport":true},"codeAction":{"dynamicRegistration":true,"codeActionLiteralSupport":{"codeActionKind":{"valueSet":["","quickfix","refactor","refactor.extract","refactor.inline","refactor.rewrite","source","source.organizeImports"]}}},"codeLens":{"dynamicRegistration":true},"formatting":{"dynamicRegistration":true},"rangeFormatting":{"dynamicRegistration":true},"onTypeFormatting":{"dynamicRegistration":true},"rename":{"dynamicRegistration":true},"documentLink":{"dynamicRegistration":true},"typeDefinition":{"dynamicRegistration":true},"implementation":{"dynamicRegistration":true},"colorProvider":{"dynamicRegistration":true},"foldingRange":{"dynamicRegistration":true,"rangeLimit":5000,"lineFoldingOnly":true}}},"initializationOptions":{"launchArgs":["--log-file=loguru.log","--log-file-append=totvsls-full.log","--record=advpls"]},"trace":"off","workspaceFolders":[{"uri":"file:///c%3A/Git/Totvs/tds-vscode","name":"tds-vscode"}]}}
Content-Length: 52
{"jsonrpc":"2.0","method":"initialized","params":{}}
Content-Length: 146
{"jsonrpc":"2.0","id":1,"method":"$totvsserver/changeSetting","params":{"changeSettingInfo":{"scope":"advpls","key":"autocomplete","value":"LS"}}}
Content-Length: 174
{"jsonrpc":"2.0","id":2,"method":"$totvsserver/changeSetting","params":{"changeSettingInfo":{"scope":"advpls","key":"notificationlevel","value":"errors warnings and infos"}}}
Content-Length: 662
{"jsonrpc":"2.0","id":3,"method":"$totvsserver/reconnect","params":{"reconnectInfo":{"connectionToken":"ZGJuZ2hrMmptdzhqeGYzdnA1NDBseGFyc2JyeHJuOmxvY2FsaG9zdDoxMjE4OjcuMDAuMTMxMjI3QQ==:RW52OmFkbWluOnBWeUJrWDdTUDJCSStyU3FIYXVFUkcrVUlacEcxZlNWZWcrTW1DUFJ6QTg9|MTU2MTY2Nzg0OTowOjE=.PfJp10jcY+eDQDhOgu2DQ9UqbP4g8PDtSzjG+lTgTzZs4zE27kVznM0tqSOnNslzsXStWyW2RM76JL6wqyJ+AelpKdMGtXTCTB26kmQ5smfWSMD0MIz9igbOda/S1R9k4sr8WdkGkErrsZlnCfrbsMlNoJExuijqD0s9YHFCsPyRj4t9FB+HT7zYDweoWDWPWaw/WGm2Gve/jZfvoxpIaK2RX2xzJhkSKtuZigWZ21UYP+C92nsqCjqhHI081A5VXHjZg9Xsx7vgXc8uS9y4i1XnYLqascAMoYU17MhjB3p8v1zFgLdqSZ+m2nyfwUvnMJ9XBcQr7bS2jmX1y9HJGw==","serverName":"Localhost@1218 (NG)"}}}
Content-Length: 160
{"jsonrpc":"2.0","method":"$advpl/textDocumentDidView","params":{"textDocumentUri":"file:///c%3A/Git/Totvs/tds-vscode/syntaxes/advpl_language.tmLanguage.json"}}
Content-Length: 146
{"jsonrpc":"2.0","id":4,"method":"$totvsserver/changeSetting","params":{"changeSettingInfo":{"scope":"advpls","key":"autocomplete","value":"LS"}}}
Content-Length: 174
{"jsonrpc":"2.0","id":5,"method":"$totvsserver/changeSetting","params":{"changeSettingInfo":{"scope":"advpls","key":"notificationlevel","value":"errors warnings and infos"}}}
Content-Length: 76
{"jsonrpc":"2.0","method":"$/setTraceNotification","params":{"value":"off"}}
Content-Length: 146
{"jsonrpc":"2.0","id":6,"method":"$totvsserver/changeSetting","params":{"changeSettingInfo":{"scope":"advpls","key":"autocomplete","value":"LS"}}}
Content-Length: 174
{"jsonrpc":"2.0","id":7,"method":"$totvsserver/changeSetting","params":{"changeSettingInfo":{"scope":"advpls","key":"notificationlevel","value":"errors warnings and infos"}}}
Content-Length: 76
{"jsonrpc":"2.0","method":"$/setTraceNotification","params":{"value":"off"}}
Content-Length: 146
{"jsonrpc":"2.0","id":8,"method":"$totvsserver/changeSetting","params":{"changeSettingInfo":{"scope":"advpls","key":"autocomplete","value":"LS"}}}
Content-Length: 174
{"jsonrpc":"2.0","id":9,"method":"$totvsserver/changeSetting","params":{"changeSettingInfo":{"scope":"advpls","key":"notificationlevel","value":"errors warnings and infos"}}}
Content-Length: 76
{"jsonrpc":"2.0","method":"$/setTraceNotification","params":{"value":"off"}}
Content-Length: 134
{"jsonrpc":"2.0","method":"$advpl/textDocumentDidView","params":{"textDocumentUri":"file:///c%3A/Git/Totvs/tds-vscode/advpls_in.log"}}
Content-Length: 131
{"jsonrpc":"2.0","method":"$advpl/textDocumentDidView","params":{"textDocumentUri":"file:///c%3A/Git/Totvs/tds-vscode/loguru.log"}}
Content-Length: 134
{"jsonrpc":"2.0","method":"$advpl/textDocumentDidView","params":{"textDocumentUri":"file:///c%3A/Git/Totvs/tds-vscode/advpls_in.log"}}
Content-Length: 246
{"jsonrpc":"2.0","method":"$advpl/textDocumentDidView","params":{"textDocumentUri":"git:/c%3A/Git/Totvs/tds-vscode/package-lock.json?%7B%22path%22%3A%22c%3A%5C%5CGit%5C%5CTotvs%5C%5Ctds-vscode%5C%5Cpackage-lock.json%22%2C%22ref%22%3A%22~%22%7D"}}
Content-Length: 246
{"jsonrpc":"2.0","method":"$advpl/textDocumentDidView","params":{"textDocumentUri":"git:/c%3A/Git/Totvs/tds-vscode/package-lock.json?%7B%22path%22%3A%22c%3A%5C%5CGit%5C%5CTotvs%5C%5Ctds-vscode%5C%5Cpackage-lock.json%22%2C%22ref%22%3A%22~%22%7D"}}
Content-Length: 138
{"jsonrpc":"2.0","method":"$advpl/textDocumentDidView","params":{"textDocumentUri":"file:///c%3A/Git/Totvs/tds-vscode/package-lock.json"}}
Content-Length: 246
{"jsonrpc":"2.0","method":"$advpl/textDocumentDidView","params":{"textDocumentUri":"git:/c%3A/Git/Totvs/tds-vscode/package-lock.json?%7B%22path%22%3A%22c%3A%5C%5CGit%5C%5CTotvs%5C%5Ctds-vscode%5C%5Cpackage-lock.json%22%2C%22ref%22%3A%22~%22%7D"}}
Content-Length: 259
{"jsonrpc":"2.0","method":"$advpl/textDocumentDidView","params":{"textDocumentUri":"git:/c%3A/Git/Totvs/tds-vscode/.vscode/settings.json?%7B%22path%22%3A%22c%3A%5C%5CGit%5C%5CTotvs%5C%5Ctds-vscode%5C%5C.vscode%5C%5Csettings.json%22%2C%22ref%22%3A%22~%22%7D"}}
Content-Length: 259
{"jsonrpc":"2.0","method":"$advpl/textDocumentDidView","params":{"textDocumentUri":"git:/c%3A/Git/Totvs/tds-vscode/.vscode/settings.json?%7B%22path%22%3A%22c%3A%5C%5CGit%5C%5CTotvs%5C%5Ctds-vscode%5C%5C.vscode%5C%5Csettings.json%22%2C%22ref%22%3A%22~%22%7D"}}
Content-Length: 142
{"jsonrpc":"2.0","method":"$advpl/textDocumentDidView","params":{"textDocumentUri":"file:///c%3A/Git/Totvs/tds-vscode/.vscode/settings.json"}}
Content-Length: 147
{"jsonrpc":"2.0","id":10,"method":"$totvsserver/changeSetting","params":{"changeSettingInfo":{"scope":"advpls","key":"autocomplete","value":"LS"}}}
Content-Length: 175
{"jsonrpc":"2.0","id":11,"method":"$totvsserver/changeSetting","params":{"changeSettingInfo":{"scope":"advpls","key":"notificationlevel","value":"errors warnings and infos"}}}
Content-Length: 76
{"jsonrpc":"2.0","method":"$/setTraceNotification","params":{"value":"off"}}
Content-Length: 142
{"jsonrpc":"2.0","method":"$advpl/textDocumentDidView","params":{"textDocumentUri":"file:///c%3A/Git/Totvs/tds-vscode/.vscode/settings.json"}}
Content-Length: 142
{"jsonrpc":"2.0","method":"$advpl/textDocumentDidView","params":{"textDocumentUri":"file:///c%3A/Git/Totvs/tds-vscode/.vscode/settings.json"}}
Content-Length: 246
{"jsonrpc":"2.0","method":"$advpl/textDocumentDidView","params":{"textDocumentUri":"git:/c%3A/Git/Totvs/tds-vscode/package-lock.json?%7B%22path%22%3A%22c%3A%5C%5CGit%5C%5CTotvs%5C%5Ctds-vscode%5C%5Cpackage-lock.json%22%2C%22ref%22%3A%22~%22%7D"}}
Content-Length: 246
{"jsonrpc":"2.0","method":"$advpl/textDocumentDidView","params":{"textDocumentUri":"git:/c%3A/Git/Totvs/tds-vscode/package-lock.json?%7B%22path%22%3A%22c%3A%5C%5CGit%5C%5CTotvs%5C%5Ctds-vscode%5C%5Cpackage-lock.json%22%2C%22ref%22%3A%22~%22%7D"}}
Content-Length: 138
{"jsonrpc":"2.0","method":"$advpl/textDocumentDidView","params":{"textDocumentUri":"file:///c%3A/Git/Totvs/tds-vscode/package-lock.json"}}
Content-Length: 246
{"jsonrpc":"2.0","method":"$advpl/textDocumentDidView","params":{"textDocumentUri":"git:/c%3A/Git/Totvs/tds-vscode/package-lock.json?%7B%22path%22%3A%22c%3A%5C%5CGit%5C%5CTotvs%5C%5Ctds-vscode%5C%5Cpackage-lock.json%22%2C%22ref%22%3A%22~%22%7D"}}
Content-Length: 295
{"jsonrpc":"2.0","method":"$advpl/textDocumentDidView","params":{"textDocumentUri":"git:/c%3A/Git/Totvs/tds-vscode/syntaxes/advpl_language.tmLanguage.json?%7B%22path%22%3A%22c%3A%5C%5CGit%5C%5CTotvs%5C%5Ctds-vscode%5C%5Csyntaxes%5C%5Cadvpl_language.tmLanguage.json%22%2C%22ref%22%3A%22~%22%7D"}}
Content-Length: 295
{"jsonrpc":"2.0","method":"$advpl/textDocumentDidView","params":{"textDocumentUri":"git:/c%3A/Git/Totvs/tds-vscode/syntaxes/advpl_language.tmLanguage.json?%7B%22path%22%3A%22c%3A%5C%5CGit%5C%5CTotvs%5C%5Ctds-vscode%5C%5Csyntaxes%5C%5Cadvpl_language.tmLanguage.json%22%2C%22ref%22%3A%22~%22%7D"}}
Content-Length: 160
{"jsonrpc":"2.0","method":"$advpl/textDocumentDidView","params":{"textDocumentUri":"file:///c%3A/Git/Totvs/tds-vscode/syntaxes/advpl_language.tmLanguage.json"}}
Content-Length: 160
{"jsonrpc":"2.0","method":"$advpl/textDocumentDidView","params":{"textDocumentUri":"file:///c%3A/Git/Totvs/tds-vscode/syntaxes/advpl_language.tmLanguage.json"}}
Content-Length: 160
{"jsonrpc":"2.0","method":"$advpl/textDocumentDidView","params":{"textDocumentUri":"file:///c%3A/Git/Totvs/tds-vscode/syntaxes/advpl_language.tmLanguage.json"}}
Content-Length: 134
{"jsonrpc":"2.0","method":"$advpl/textDocumentDidView","params":{"textDocumentUri":"file:///c%3A/Git/Totvs/tds-vscode/advpls_in.log"}}
Content-Length: 295
{"jsonrpc":"2.0","method":"$advpl/textDocumentDidView","params":{"textDocumentUri":"git:/c%3A/Git/Totvs/tds-vscode/syntaxes/advpl_language.tmLanguage.json?%7B%22path%22%3A%22c%3A%5C%5CGit%5C%5CTotvs%5C%5Ctds-vscode%5C%5Csyntaxes%5C%5Cadvpl_language.tmLanguage.json%22%2C%22ref%22%3A%22~%22%7D"}}
Content-Length: 295
{"jsonrpc":"2.0","method":"$advpl/textDocumentDidView","params":{"textDocumentUri":"git:/c%3A/Git/Totvs/tds-vscode/syntaxes/advpl_language.tmLanguage.json?%7B%22path%22%3A%22c%3A%5C%5CGit%5C%5CTotvs%5C%5Ctds-vscode%5C%5Csyntaxes%5C%5Cadvpl_language.tmLanguage.json%22%2C%22ref%22%3A%22~%22%7D"}}
Content-Length: 160
{"jsonrpc":"2.0","method":"$advpl/textDocumentDidView","params":{"textDocumentUri":"file:///c%3A/Git/Totvs/tds-vscode/syntaxes/advpl_language.tmLanguage.json"}}
Content-Length: 160
{"jsonrpc":"2.0","method":"$advpl/textDocumentDidView","params":{"textDocumentUri":"file:///c%3A/Git/Totvs/tds-vscode/syntaxes/advpl_language.tmLanguage.json"}}
Content-Length: 131
{"jsonrpc":"2.0","method":"$advpl/textDocumentDidView","params":{"textDocumentUri":"file:///c%3A/Git/Totvs/tds-vscode/loguru.log"}}
Content-Length: 295
{"jsonrpc":"2.0","method":"$advpl/textDocumentDidView","params":{"textDocumentUri":"git:/c%3A/Git/Totvs/tds-vscode/syntaxes/advpl_language.tmLanguage.json?%7B%22path%22%3A%22c%3A%5C%5CGit%5C%5CTotvs%5C%5Ctds-vscode%5C%5Csyntaxes%5C%5Cadvpl_language.tmLanguage.json%22%2C%22ref%22%3A%22~%22%7D"}}
Content-Length: 295
{"jsonrpc":"2.0","method":"$advpl/textDocumentDidView","params":{"textDocumentUri":"git:/c%3A/Git/Totvs/tds-vscode/syntaxes/advpl_language.tmLanguage.json?%7B%22path%22%3A%22c%3A%5C%5CGit%5C%5CTotvs%5C%5Ctds-vscode%5C%5Csyntaxes%5C%5Cadvpl_language.tmLanguage.json%22%2C%22ref%22%3A%22~%22%7D"}}
Content-Length: 160
{"jsonrpc":"2.0","method":"$advpl/textDocumentDidView","params":{"textDocumentUri":"file:///c%3A/Git/Totvs/tds-vscode/syntaxes/advpl_language.tmLanguage.json"}}
Content-Length: 160
{"jsonrpc":"2.0","method":"$advpl/textDocumentDidView","params":{"textDocumentUri":"file:///c%3A/Git/Totvs/tds-vscode/syntaxes/advpl_language.tmLanguage.json"}}
Content-Length: 160
{"jsonrpc":"2.0","method":"$advpl/textDocumentDidView","params":{"textDocumentUri":"file:///c%3A/Git/Totvs/tds-vscode/syntaxes/advpl_language.tmLanguage.json"}}
Content-Length: 298
{"jsonrpc":"2.0","method":"$advpl/textDocumentDidView","params":{"textDocumentUri":"git:/c%3A/Git/Totvs/tds-vscode/syntaxes/advpl_language.tmLanguage.json?%7B%22path%22%3A%22c%3A%5C%5CGit%5C%5CTotvs%5C%5Ctds-vscode%5C%5Csyntaxes%5C%5Cadvpl_language.tmLanguage.json%22%2C%22ref%22%3A%22HEAD%22%7D"}}
Content-Length: 298
{"jsonrpc":"2.0","method":"$advpl/textDocumentDidView","params":{"textDocumentUri":"git:/c%3A/Git/Totvs/tds-vscode/syntaxes/advpl_language.tmLanguage.json?%7B%22path%22%3A%22c%3A%5C%5CGit%5C%5CTotvs%5C%5Ctds-vscode%5C%5Csyntaxes%5C%5Cadvpl_language.tmLanguage.json%22%2C%22ref%22%3A%22HEAD%22%7D"}}
Content-Length: 294
{"jsonrpc":"2.0","method":"$advpl/textDocumentDidView","params":{"textDocumentUri":"git:/c%3A/Git/Totvs/tds-vscode/syntaxes/advpl_language.tmLanguage.json?%7B%22path%22%3A%22c%3A%5C%5CGit%5C%5CTotvs%5C%5Ctds-vscode%5C%5Csyntaxes%5C%5Cadvpl_language.tmLanguage.json%22%2C%22ref%22%3A%22%22%7D"}}
Content-Length: 294
{"jsonrpc":"2.0","method":"$advpl/textDocumentDidView","params":{"textDocumentUri":"git:/c%3A/Git/Totvs/tds-vscode/syntaxes/advpl_language.tmLanguage.json?%7B%22path%22%3A%22c%3A%5C%5CGit%5C%5CTotvs%5C%5Ctds-vscode%5C%5Csyntaxes%5C%5Cadvpl_language.tmLanguage.json%22%2C%22ref%22%3A%22%22%7D"}}
Content-Length: 133
{"jsonrpc":"2.0","method":"$advpl/textDocumentDidView","params":{"textDocumentUri":"file:///c%3A/Git/Totvs/tds-vscode/CHANGELOG.md"}}
Content-Length: 236
{"jsonrpc":"2.0","method":"$advpl/textDocumentDidView","params":{"textDocumentUri":"git:/c%3A/Git/Totvs/tds-vscode/CHANGELOG.md?%7B%22path%22%3A%22c%3A%5C%5CGit%5C%5CTotvs%5C%5Ctds-vscode%5C%5CCHANGELOG.md%22%2C%22ref%22%3A%22~%22%7D"}}
Content-Length: 236
{"jsonrpc":"2.0","method":"$advpl/textDocumentDidView","params":{"textDocumentUri":"git:/c%3A/Git/Totvs/tds-vscode/CHANGELOG.md?%7B%22path%22%3A%22c%3A%5C%5CGit%5C%5CTotvs%5C%5Ctds-vscode%5C%5CCHANGELOG.md%22%2C%22ref%22%3A%22~%22%7D"}}
Content-Length: 133
{"jsonrpc":"2.0","method":"$advpl/textDocumentDidView","params":{"textDocumentUri":"file:///c%3A/Git/Totvs/tds-vscode/CHANGELOG.md"}}
