Content-Length: 108

{"jsonrpc":"2.0","method":"window/logMessage","params":{"type":3,"message":"Initializing Language Server."}}

Content-Length: 685

{"jsonrpc":"2.0","id":0,"result":{"capabilities":{"textDocumentSync":2,"hoverProvider":false,"completionProvider":{"resolveProvider":false,"triggerCharacters":[]},"signatureHelpProvider":{"triggerCharacters":["(",","]},"definitionProvider":true,"typeDefinitionProvider":true,"implementationProvider":true,"referencesProvider":true,"documentHighlightProvider":true,"documentSymbolProvider":true,"workspaceSymbolProvider":true,"codeActionProvider":false,"codeLensProvider":{"resolveProvider":false},"documentFormattingProvider":false,"documentRangeFormattingProvider":false,"renameProvider":true,"documentLinkProvider":{"resolveProvider":true},"executeCommandProvider":{"commands":[]}}}}

Content-Length: 157

{"jsonrpc":"2.0","method":"$totvsserver/progress","params":{"indexRequestCount":0,"doIdMapCount":0,"onIdMappedCount":0,"onIndexedCount":0,"activeThreads":0}}

Content-Length: 157

{"jsonrpc":"2.0","method":"$totvsserver/progress","params":{"indexRequestCount":0,"doIdMapCount":0,"onIdMappedCount":0,"onIndexedCount":0,"activeThreads":0}}

Content-Length: 157

{"jsonrpc":"2.0","method":"$totvsserver/progress","params":{"indexRequestCount":0,"doIdMapCount":0,"onIdMappedCount":0,"onIndexedCount":0,"activeThreads":0}}

Content-Length: 107

{"jsonrpc":"2.0","method":"window/logMessage","params":{"type":3,"message":"Language Server initialized."}}

Content-Length: 81

{"jsonrpc":"2.0","id":1,"result":{"setting":{"key":"autocomplete","value":"LS"}}}

Content-Length: 109

{"jsonrpc":"2.0","id":2,"result":{"setting":{"key":"notificationlevel","value":"errors warnings and infos"}}}

Content-Length: 135

{"jsonrpc":"2.0","method":"window/logMessage","params":{"type":3,"message":"Starting reconnection to the server: Localhost@1218 (NG)"}}

Content-Length: 136

{"jsonrpc":"2.0","method":"window/showMessage","params":{"type":3,"message":"Starting reconnection to the server: Localhost@1218 (NG)"}}

Content-Length: 115

{"jsonrpc":"2.0","method":"window/logMessage","params":{"type":4,"message":"[Log   - 00:00:00] Authenticating..."}}

Content-Length: 129

{"jsonrpc":"2.0","method":"window/logMessage","params":{"type":4,"message":"[Log   - 00:00:00] User authenticated succesfully."}}

Content-Length: 136

{"jsonrpc":"2.0","method":"window/logMessage","params":{"type":3,"message":"Reconnection to the server: Localhost@1218 (NG) finished."}}

Content-Length: 137

{"jsonrpc":"2.0","method":"window/showMessage","params":{"type":3,"message":"Reconnection to the server: Localhost@1218 (NG) finished."}}

Content-Length: 610

{"jsonrpc":"2.0","id":3,"result":{"connectionToken":"ZGJuZ2hrMmptdzhqeGYzdnA1NDBseGFyc2JyeHJuOmxvY2FsaG9zdDoxMjE4OjcuMDAuMTMxMjI3QQ==:RW52OmFkbWluOnBWeUJrWDdTUDJCSStyU3FIYXVFUkcrVUlacEcxZlNWZWcrTW1DUFJ6QTg9|MTU2MTY2Nzg0OTowOjE=.PfJp10jcY+eDQDhOgu2DQ9UqbP4g8PDtSzjG+lTgTzZs4zE27kVznM0tqSOnNslzsXStWyW2RM76JL6wqyJ+AelpKdMGtXTCTB26kmQ5smfWSMD0MIz9igbOda/S1R9k4sr8WdkGkErrsZlnCfrbsMlNoJExuijqD0s9YHFCsPyRj4t9FB+HT7zYDweoWDWPWaw/WGm2Gve/jZfvoxpIaK2RX2xzJhkSKtuZigWZ21UYP+C92nsqCjqhHI081A5VXHjZg9Xsx7vgXc8uS9y4i1XnYLqascAMoYU17MhjB3p8v1zFgLdqSZ+m2nyfwUvnMJ9XBcQr7bS2jmX1y9HJGw==","environment":"Env","user":"admin"}}

Content-Length: 81

{"jsonrpc":"2.0","id":4,"result":{"setting":{"key":"autocomplete","value":"LS"}}}

Content-Length: 109

{"jsonrpc":"2.0","id":5,"result":{"setting":{"key":"notificationlevel","value":"errors warnings and infos"}}}

Content-Length: 157

{"jsonrpc":"2.0","method":"$totvsserver/progress","params":{"indexRequestCount":0,"doIdMapCount":0,"onIdMappedCount":0,"onIndexedCount":0,"activeThreads":0}}

Content-Length: 157

{"jsonrpc":"2.0","method":"$totvsserver/progress","params":{"indexRequestCount":0,"doIdMapCount":0,"onIdMappedCount":0,"onIndexedCount":0,"activeThreads":0}}

Content-Length: 81

{"jsonrpc":"2.0","id":6,"result":{"setting":{"key":"autocomplete","value":"LS"}}}

Content-Length: 109

{"jsonrpc":"2.0","id":7,"result":{"setting":{"key":"notificationlevel","value":"errors warnings and infos"}}}

Content-Length: 157

{"jsonrpc":"2.0","method":"$totvsserver/progress","params":{"indexRequestCount":0,"doIdMapCount":0,"onIdMappedCount":0,"onIndexedCount":0,"activeThreads":0}}

Content-Length: 157

{"jsonrpc":"2.0","method":"$totvsserver/progress","params":{"indexRequestCount":0,"doIdMapCount":0,"onIdMappedCount":0,"onIndexedCount":0,"activeThreads":0}}

Content-Length: 81

{"jsonrpc":"2.0","id":8,"result":{"setting":{"key":"autocomplete","value":"LS"}}}

Content-Length: 109

{"jsonrpc":"2.0","id":9,"result":{"setting":{"key":"notificationlevel","value":"errors warnings and infos"}}}

Content-Length: 157

{"jsonrpc":"2.0","method":"$totvsserver/progress","params":{"indexRequestCount":0,"doIdMapCount":0,"onIdMappedCount":0,"onIndexedCount":0,"activeThreads":0}}

Content-Length: 157

{"jsonrpc":"2.0","method":"$totvsserver/progress","params":{"indexRequestCount":0,"doIdMapCount":0,"onIdMappedCount":0,"onIndexedCount":0,"activeThreads":0}}

Content-Length: 157

{"jsonrpc":"2.0","method":"$totvsserver/progress","params":{"indexRequestCount":0,"doIdMapCount":0,"onIdMappedCount":0,"onIndexedCount":0,"activeThreads":0}}

Content-Length: 157

{"jsonrpc":"2.0","method":"$totvsserver/progress","params":{"indexRequestCount":0,"doIdMapCount":0,"onIdMappedCount":0,"onIndexedCount":0,"activeThreads":0}}

Content-Length: 157

{"jsonrpc":"2.0","method":"$totvsserver/progress","params":{"indexRequestCount":0,"doIdMapCount":0,"onIdMappedCount":0,"onIndexedCount":0,"activeThreads":0}}

Content-Length: 157

{"jsonrpc":"2.0","method":"$totvsserver/progress","params":{"indexRequestCount":0,"doIdMapCount":0,"onIdMappedCount":0,"onIndexedCount":0,"activeThreads":0}}

Content-Length: 157

{"jsonrpc":"2.0","method":"$totvsserver/progress","params":{"indexRequestCount":0,"doIdMapCount":0,"onIdMappedCount":0,"onIndexedCount":0,"activeThreads":0}}

Content-Length: 157

{"jsonrpc":"2.0","method":"$totvsserver/progress","params":{"indexRequestCount":0,"doIdMapCount":0,"onIdMappedCount":0,"onIndexedCount":0,"activeThreads":0}}

Content-Length: 157

{"jsonrpc":"2.0","method":"$totvsserver/progress","params":{"indexRequestCount":0,"doIdMapCount":0,"onIdMappedCount":0,"onIndexedCount":0,"activeThreads":0}}

Content-Length: 157

{"jsonrpc":"2.0","method":"$totvsserver/progress","params":{"indexRequestCount":0,"doIdMapCount":0,"onIdMappedCount":0,"onIndexedCount":0,"activeThreads":0}}

Content-Length: 157

{"jsonrpc":"2.0","method":"$totvsserver/progress","params":{"indexRequestCount":0,"doIdMapCount":0,"onIdMappedCount":0,"onIndexedCount":0,"activeThreads":0}}

Content-Length: 157

{"jsonrpc":"2.0","method":"$totvsserver/progress","params":{"indexRequestCount":0,"doIdMapCount":0,"onIdMappedCount":0,"onIndexedCount":0,"activeThreads":0}}

Content-Length: 157

{"jsonrpc":"2.0","method":"$totvsserver/progress","params":{"indexRequestCount":0,"doIdMapCount":0,"onIdMappedCount":0,"onIndexedCount":0,"activeThreads":0}}

Content-Length: 157

{"jsonrpc":"2.0","method":"$totvsserver/progress","params":{"indexRequestCount":0,"doIdMapCount":0,"onIdMappedCount":0,"onIndexedCount":0,"activeThreads":0}}

Content-Length: 157

{"jsonrpc":"2.0","method":"$totvsserver/progress","params":{"indexRequestCount":0,"doIdMapCount":0,"onIdMappedCount":0,"onIndexedCount":0,"activeThreads":0}}

Content-Length: 157

{"jsonrpc":"2.0","method":"$totvsserver/progress","params":{"indexRequestCount":0,"doIdMapCount":0,"onIdMappedCount":0,"onIndexedCount":0,"activeThreads":0}}

Content-Length: 157

{"jsonrpc":"2.0","method":"$totvsserver/progress","params":{"indexRequestCount":0,"doIdMapCount":0,"onIdMappedCount":0,"onIndexedCount":0,"activeThreads":0}}

Content-Length: 82

{"jsonrpc":"2.0","id":10,"result":{"setting":{"key":"autocomplete","value":"LS"}}}

Content-Length: 110

{"jsonrpc":"2.0","id":11,"result":{"setting":{"key":"notificationlevel","value":"errors warnings and infos"}}}

Content-Length: 157

{"jsonrpc":"2.0","method":"$totvsserver/progress","params":{"indexRequestCount":0,"doIdMapCount":0,"onIdMappedCount":0,"onIndexedCount":0,"activeThreads":0}}

Content-Length: 157

{"jsonrpc":"2.0","method":"$totvsserver/progress","params":{"indexRequestCount":0,"doIdMapCount":0,"onIdMappedCount":0,"onIndexedCount":0,"activeThreads":0}}

Content-Length: 157

{"jsonrpc":"2.0","method":"$totvsserver/progress","params":{"indexRequestCount":0,"doIdMapCount":0,"onIdMappedCount":0,"onIndexedCount":0,"activeThreads":0}}

Content-Length: 157

{"jsonrpc":"2.0","method":"$totvsserver/progress","params":{"indexRequestCount":0,"doIdMapCount":0,"onIdMappedCount":0,"onIndexedCount":0,"activeThreads":0}}

Content-Length: 157

{"jsonrpc":"2.0","method":"$totvsserver/progress","params":{"indexRequestCount":0,"doIdMapCount":0,"onIdMappedCount":0,"onIndexedCount":0,"activeThreads":0}}

Content-Length: 157

{"jsonrpc":"2.0","method":"$totvsserver/progress","params":{"indexRequestCount":0,"doIdMapCount":0,"onIdMappedCount":0,"onIndexedCount":0,"activeThreads":0}}

Content-Length: 157

{"jsonrpc":"2.0","method":"$totvsserver/progress","params":{"indexRequestCount":0,"doIdMapCount":0,"onIdMappedCount":0,"onIndexedCount":0,"activeThreads":0}}

Content-Length: 157

{"jsonrpc":"2.0","method":"$totvsserver/progress","params":{"indexRequestCount":0,"doIdMapCount":0,"onIdMappedCount":0,"onIndexedCount":0,"activeThreads":0}}

Content-Length: 157

{"jsonrpc":"2.0","method":"$totvsserver/progress","params":{"indexRequestCount":0,"doIdMapCount":0,"onIdMappedCount":0,"onIndexedCount":0,"activeThreads":0}}

Content-Length: 157

{"jsonrpc":"2.0","method":"$totvsserver/progress","params":{"indexRequestCount":0,"doIdMapCount":0,"onIdMappedCount":0,"onIndexedCount":0,"activeThreads":0}}

Content-Length: 157

{"jsonrpc":"2.0","method":"$totvsserver/progress","params":{"indexRequestCount":0,"doIdMapCount":0,"onIdMappedCount":0,"onIndexedCount":0,"activeThreads":0}}

Content-Length: 157

{"jsonrpc":"2.0","method":"$totvsserver/progress","params":{"indexRequestCount":0,"doIdMapCount":0,"onIdMappedCount":0,"onIndexedCount":0,"activeThreads":0}}

Content-Length: 157

{"jsonrpc":"2.0","method":"$totvsserver/progress","params":{"indexRequestCount":0,"doIdMapCount":0,"onIdMappedCount":0,"onIndexedCount":0,"activeThreads":0}}

Content-Length: 157

{"jsonrpc":"2.0","method":"$totvsserver/progress","params":{"indexRequestCount":0,"doIdMapCount":0,"onIdMappedCount":0,"onIndexedCount":0,"activeThreads":0}}

Content-Length: 157

{"jsonrpc":"2.0","method":"$totvsserver/progress","params":{"indexRequestCount":0,"doIdMapCount":0,"onIdMappedCount":0,"onIndexedCount":0,"activeThreads":0}}

Content-Length: 157

{"jsonrpc":"2.0","method":"$totvsserver/progress","params":{"indexRequestCount":0,"doIdMapCount":0,"onIdMappedCount":0,"onIndexedCount":0,"activeThreads":0}}

Content-Length: 157

{"jsonrpc":"2.0","method":"$totvsserver/progress","params":{"indexRequestCount":0,"doIdMapCount":0,"onIdMappedCount":0,"onIndexedCount":0,"activeThreads":0}}

Content-Length: 157

{"jsonrpc":"2.0","method":"$totvsserver/progress","params":{"indexRequestCount":0,"doIdMapCount":0,"onIdMappedCount":0,"onIndexedCount":0,"activeThreads":0}}

Content-Length: 157

{"jsonrpc":"2.0","method":"$totvsserver/progress","params":{"indexRequestCount":0,"doIdMapCount":0,"onIdMappedCount":0,"onIndexedCount":0,"activeThreads":0}}

Content-Length: 157

{"jsonrpc":"2.0","method":"$totvsserver/progress","params":{"indexRequestCount":0,"doIdMapCount":0,"onIdMappedCount":0,"onIndexedCount":0,"activeThreads":0}}

Content-Length: 157

{"jsonrpc":"2.0","method":"$totvsserver/progress","params":{"indexRequestCount":0,"doIdMapCount":0,"onIdMappedCount":0,"onIndexedCount":0,"activeThreads":0}}

Content-Length: 157

{"jsonrpc":"2.0","method":"$totvsserver/progress","params":{"indexRequestCount":0,"doIdMapCount":0,"onIdMappedCount":0,"onIndexedCount":0,"activeThreads":0}}

Content-Length: 157

{"jsonrpc":"2.0","method":"$totvsserver/progress","params":{"indexRequestCount":0,"doIdMapCount":0,"onIdMappedCount":0,"onIndexedCount":0,"activeThreads":0}}

Content-Length: 157

{"jsonrpc":"2.0","method":"$totvsserver/progress","params":{"indexRequestCount":0,"doIdMapCount":0,"onIdMappedCount":0,"onIndexedCount":0,"activeThreads":0}}

Content-Length: 157

{"jsonrpc":"2.0","method":"$totvsserver/progress","params":{"indexRequestCount":0,"doIdMapCount":0,"onIdMappedCount":0,"onIndexedCount":0,"activeThreads":0}}

Content-Length: 157

{"jsonrpc":"2.0","method":"$totvsserver/progress","params":{"indexRequestCount":0,"doIdMapCount":0,"onIdMappedCount":0,"onIndexedCount":0,"activeThreads":0}}

Content-Length: 157

{"jsonrpc":"2.0","method":"$totvsserver/progress","params":{"indexRequestCount":0,"doIdMapCount":0,"onIdMappedCount":0,"onIndexedCount":0,"activeThreads":0}}

Content-Length: 157

{"jsonrpc":"2.0","method":"$totvsserver/progress","params":{"indexRequestCount":0,"doIdMapCount":0,"onIdMappedCount":0,"onIndexedCount":0,"activeThreads":0}}

Content-Length: 157

{"jsonrpc":"2.0","method":"$totvsserver/progress","params":{"indexRequestCount":0,"doIdMapCount":0,"onIdMappedCount":0,"onIndexedCount":0,"activeThreads":0}}

Content-Length: 157

{"jsonrpc":"2.0","method":"$totvsserver/progress","params":{"indexRequestCount":0,"doIdMapCount":0,"onIdMappedCount":0,"onIndexedCount":0,"activeThreads":0}}

Content-Length: 157

{"jsonrpc":"2.0","method":"$totvsserver/progress","params":{"indexRequestCount":0,"doIdMapCount":0,"onIdMappedCount":0,"onIndexedCount":0,"activeThreads":0}}

Content-Length: 157

{"jsonrpc":"2.0","method":"$totvsserver/progress","params":{"indexRequestCount":0,"doIdMapCount":0,"onIdMappedCount":0,"onIndexedCount":0,"activeThreads":0}}

Content-Length: 157

{"jsonrpc":"2.0","method":"$totvsserver/progress","params":{"indexRequestCount":0,"doIdMapCount":0,"onIdMappedCount":0,"onIndexedCount":0,"activeThreads":0}}

Content-Length: 157

{"jsonrpc":"2.0","method":"$totvsserver/progress","params":{"indexRequestCount":0,"doIdMapCount":0,"onIdMappedCount":0,"onIndexedCount":0,"activeThreads":0}}

Content-Length: 157

{"jsonrpc":"2.0","method":"$totvsserver/progress","params":{"indexRequestCount":0,"doIdMapCount":0,"onIdMappedCount":0,"onIndexedCount":0,"activeThreads":0}}

Content-Length: 157

{"jsonrpc":"2.0","method":"$totvsserver/progress","params":{"indexRequestCount":0,"doIdMapCount":0,"onIdMappedCount":0,"onIndexedCount":0,"activeThreads":0}}

Content-Length: 157

{"jsonrpc":"2.0","method":"$totvsserver/progress","params":{"indexRequestCount":0,"doIdMapCount":0,"onIdMappedCount":0,"onIndexedCount":0,"activeThreads":0}}

Content-Length: 157

{"jsonrpc":"2.0","method":"$totvsserver/progress","params":{"indexRequestCount":0,"doIdMapCount":0,"onIdMappedCount":0,"onIndexedCount":0,"activeThreads":0}}

Content-Length: 157

{"jsonrpc":"2.0","method":"$totvsserver/progress","params":{"indexRequestCount":0,"doIdMapCount":0,"onIdMappedCount":0,"onIndexedCount":0,"activeThreads":0}}

Content-Length: 157

{"jsonrpc":"2.0","method":"$totvsserver/progress","params":{"indexRequestCount":0,"doIdMapCount":0,"onIdMappedCount":0,"onIndexedCount":0,"activeThreads":0}}

Content-Length: 157

{"jsonrpc":"2.0","method":"$totvsserver/progress","params":{"indexRequestCount":0,"doIdMapCount":0,"onIdMappedCount":0,"onIndexedCount":0,"activeThreads":0}}

Content-Length: 157

{"jsonrpc":"2.0","method":"$totvsserver/progress","params":{"indexRequestCount":0,"doIdMapCount":0,"onIdMappedCount":0,"onIndexedCount":0,"activeThreads":0}}

Content-Length: 157

{"jsonrpc":"2.0","method":"$totvsserver/progress","params":{"indexRequestCount":0,"doIdMapCount":0,"onIdMappedCount":0,"onIndexedCount":0,"activeThreads":0}}

Content-Length: 157

{"jsonrpc":"2.0","method":"$totvsserver/progress","params":{"indexRequestCount":0,"doIdMapCount":0,"onIdMappedCount":0,"onIndexedCount":0,"activeThreads":0}}

Content-Length: 157

{"jsonrpc":"2.0","method":"$totvsserver/progress","params":{"indexRequestCount":0,"doIdMapCount":0,"onIdMappedCount":0,"onIndexedCount":0,"activeThreads":0}}

